生成启动时间为 2018/6/4 16:54:03。
     1>项目“F:\tool\SYD_bleuart_analyze\1.功能实现\SYD_bleuart.vcxproj”在节点 2 上(build 个目标)。
     1>InitializeBuildStatus:
         正在创建“.\Debug\SYD_bleuart.unsuccessfulbuild”，因为已指定“AlwaysCreate”。
       ClCompile:
         所有输出均为最新。
         所有输出均为最新。
       ResourceCompile:
         所有输出均为最新。
       Link:
         所有输出均为最新。
         SYD_bleuart.vcxproj -> F:\tool\SYD_bleuart_analyze\1.功能实现\.\Debug\SYD_bleuart.exe
       BscMake:
         所有输出均为最新。
       FinalizeBuildStatus:
         正在删除文件“.\Debug\SYD_bleuart.unsuccessfulbuild”。
         正在对“.\Debug\SYD_bleuart.lastbuildstate”执行 Touch 任务。
     1>已完成生成项目“F:\tool\SYD_bleuart_analyze\1.功能实现\SYD_bleuart.vcxproj”(build 个目标)的操作。

生成成功。

已用时间 00:00:00.06
